<?xml version="1.0" encoding="UTF-8"?>
<!-- Generated by org.testng.reporters.JUnitXMLReporter -->
<testsuite hostname="SCS-R37" ignored="0" name="Test" tests="5" failures="0" timestamp="09 Apr 2019 12:04:30 GMT" time="91.617" errors="0">
  <testcase name="Agent_Same_Name_Info" time="19.993" classname="com.voyager.qa.testcases.AgentPageTest"/>
  <testcase name="PrintPrizeValues" time="8.219" classname="com.voyager.qa.testcases.SearchPageTest"/>
  <testcase name="searchlocationTest" time="3.594" classname="com.voyager.qa.testcases.ZooplaHomePageTest"/>
  <testcase name="Agent_Info" time="8.684" classname="com.voyager.qa.testcases.SelectFifthPrizeInfoPageTest"/>
  <testcase name="selectprizeorder" time="10.144" classname="com.voyager.qa.testcases.SearchPageTest"/>
</testsuite> <!-- Test -->
