<?xml version="1.0" encoding="UTF-8"?>
<testng-results skipped="0" failed="0" ignored="0" total="5" passed="5">
  <reporter-output>
  </reporter-output>
  <suite name="Suite" duration-ms="91617" started-at="2019-04-09T12:02:58Z" finished-at="2019-04-09T12:04:30Z">
    <groups>
    </groups>
    <test name="Test" duration-ms="91617" started-at="2019-04-09T12:02:58Z" finished-at="2019-04-09T12:04:30Z">
      <class name="com.voyager.qa.testcases.AgentPageTest">
        <test-method status="PASS" signature="setUp()[pri:0, instance:com.voyager.qa.testcases.AgentPageTest@91161c7]" name="setUp" is-config="true" duration-ms="9359" started-at="2019-04-09T12:02:58Z" finished-at="2019-04-09T12:03:08Z">
          <reporter-output>
          </reporter-output>
        </test-method> <!-- setUp -->
        <test-method status="PASS" signature="Agent_Same_Name_Info()[pri:1, instance:com.voyager.qa.testcases.AgentPageTest@91161c7]" name="Agent_Same_Name_Info" duration-ms="19993" started-at="2019-04-09T12:03:08Z" finished-at="2019-04-09T12:03:28Z">
          <reporter-output>
          </reporter-output>
        </test-method> <!-- Agent_Same_Name_Info -->
      </class> <!-- com.voyager.qa.testcases.AgentPageTest -->
      <class name="com.voyager.qa.testcases.ZooplaHomePageTest">
        <test-method status="PASS" signature="setUp()[pri:0, instance:com.voyager.qa.testcases.ZooplaHomePageTest@6a4f787b]" name="setUp" is-config="true" duration-ms="8950" started-at="2019-04-09T12:03:44Z" finished-at="2019-04-09T12:03:53Z">
          <reporter-output>
          </reporter-output>
        </test-method> <!-- setUp -->
        <test-method status="PASS" signature="searchlocationTest()[pri:1, instance:com.voyager.qa.testcases.ZooplaHomePageTest@6a4f787b]" name="searchlocationTest" duration-ms="3594" started-at="2019-04-09T12:03:53Z" finished-at="2019-04-09T12:03:56Z">
          <reporter-output>
          </reporter-output>
        </test-method> <!-- searchlocationTest -->
      </class> <!-- com.voyager.qa.testcases.ZooplaHomePageTest -->
      <class name="com.voyager.qa.testcases.SelectFifthPrizeInfoPageTest">
        <test-method status="PASS" signature="setUp()[pri:0, instance:com.voyager.qa.testcases.SelectFifthPrizeInfoPageTest@685cb137]" name="setUp" is-config="true" duration-ms="9107" started-at="2019-04-09T12:03:56Z" finished-at="2019-04-09T12:04:06Z">
          <reporter-output>
          </reporter-output>
        </test-method> <!-- setUp -->
        <test-method status="PASS" signature="Agent_Info()[pri:1, instance:com.voyager.qa.testcases.SelectFifthPrizeInfoPageTest@685cb137]" name="Agent_Info" duration-ms="8684" started-at="2019-04-09T12:04:06Z" finished-at="2019-04-09T12:04:14Z">
          <reporter-output>
          </reporter-output>
        </test-method> <!-- Agent_Info -->
      </class> <!-- com.voyager.qa.testcases.SelectFifthPrizeInfoPageTest -->
      <class name="com.voyager.qa.testcases.SearchPageTest">
        <test-method status="PASS" signature="setUp()[pri:0, instance:com.voyager.qa.testcases.SearchPageTest@604ed9f0]" name="setUp" is-config="true" duration-ms="7982" started-at="2019-04-09T12:03:28Z" finished-at="2019-04-09T12:03:36Z">
          <reporter-output>
          </reporter-output>
        </test-method> <!-- setUp -->
        <test-method status="PASS" signature="PrintPrizeValues()[pri:1, instance:com.voyager.qa.testcases.SearchPageTest@604ed9f0]" name="PrintPrizeValues" duration-ms="8219" started-at="2019-04-09T12:03:36Z" finished-at="2019-04-09T12:03:44Z">
          <reporter-output>
          </reporter-output>
        </test-method> <!-- PrintPrizeValues -->
        <test-method status="PASS" signature="setUp()[pri:0, instance:com.voyager.qa.testcases.SearchPageTest@604ed9f0]" name="setUp" is-config="true" duration-ms="5561" started-at="2019-04-09T12:04:14Z" finished-at="2019-04-09T12:04:20Z">
          <reporter-output>
          </reporter-output>
        </test-method> <!-- setUp -->
        <test-method status="PASS" signature="selectprizeorder()[pri:2, instance:com.voyager.qa.testcases.SearchPageTest@604ed9f0]" name="selectprizeorder" duration-ms="10144" started-at="2019-04-09T12:04:20Z" finished-at="2019-04-09T12:04:30Z">
          <reporter-output>
          </reporter-output>
        </test-method> <!-- selectprizeorder -->
      </class> <!-- com.voyager.qa.testcases.SearchPageTest -->
    </test> <!-- Test -->
  </suite> <!-- Suite -->
</testng-results>
